app/build/intermediates/manifest_merge_blame_file/release/processReleaseMainManifest/manifest-merger-blame-release-report.txt
1<?xml version="1.0" encoding="utf-8"?>
2<manifest xmlns:android="http://schemas.android.com/apk/res/android"
3    package="com.dailyserviceapp"
4    android:versionCode="1"
5    android:versionName="1.0" >
6
7    <uses-sdk
8        android:minSdkVersion="24"
9        android:targetSdkVersion="35" />
10
11    <!-- Permissions -->
12    <uses-permission android:name="android.permission.INTERNET" />
12-->src/main/AndroidManifest.xml:5:5-67
12-->src/main/AndroidManifest.xml:5:22-64
13    <uses-permission android:name="android.permission.ACCESS_NETWORK_STATE" />
13-->src/main/AndroidManifest.xml:6:5-79
13-->src/main/AndroidManifest.xml:6:22-76
14    <uses-permission android:name="android.permission.CAMERA" />
14-->src/main/AndroidManifest.xml:7:5-65
14-->src/main/AndroidManifest.xml:7:22-62
15    <uses-permission android:name="android.permission.POST_NOTIFICATIONS" />
15-->src/main/AndroidManifest.xml:8:5-77
15-->src/main/AndroidManifest.xml:8:22-74
16    <uses-permission
16-->src/main/AndroidManifest.xml:9:5-10:38
17        android:name="android.permission.WRITE_EXTERNAL_STORAGE"
17-->src/main/AndroidManifest.xml:9:22-78
18        android:maxSdkVersion="28" />
18-->src/main/AndroidManifest.xml:10:9-35
19    <uses-permission
19-->src/main/AndroidManifest.xml:11:5-12:38
20        android:name="android.permission.READ_EXTERNAL_STORAGE"
20-->src/main/AndroidManifest.xml:11:22-77
21        android:maxSdkVersion="32" />
21-->src/main/AndroidManifest.xml:12:9-35
22
23    <uses-feature
23-->src/main/AndroidManifest.xml:13:5-15:36
24        android:name="android.hardware.camera"
24-->src/main/AndroidManifest.xml:14:9-47
25        android:required="false" />
25-->src/main/AndroidManifest.xml:15:9-33
26
27    <uses-permission android:name="android.permission.WAKE_LOCK" />
27-->[androidx.work:work-runtime:2.9.1] AndroidManifest.xml:23:5-68
27-->[androidx.work:work-runtime:2.9.1] AndroidManifest.xml:23:22-65
28    <uses-permission android:name="android.permission.RECEIVE_BOOT_COMPLETED" />
28-->[androidx.work:work-runtime:2.9.1] AndroidManifest.xml:25:5-81
28-->[androidx.work:work-runtime:2.9.1] AndroidManifest.xml:25:22-78
29    <uses-permission android:name="android.permission.FOREGROUND_SERVICE" /> <!-- Required by older versions of Google Play services to create IID tokens -->
29-->[androidx.work:work-runtime:2.9.1] AndroidManifest.xml:26:5-77
29-->[androidx.work:work-runtime:2.9.1] AndroidManifest.xml:26:22-74
30    <uses-permission android:name="com.google.android.c2dm.permission.RECEIVE" />
30-->[com.google.firebase:firebase-messaging:24.1.0] AndroidManifest.xml:26:5-82
30-->[com.google.firebase:firebase-messaging:24.1.0] AndroidManifest.xml:26:22-79
31    <uses-permission android:name="com.google.android.finsky.permission.BIND_GET_INSTALL_REFERRER_SERVICE" />
31-->[com.google.android.gms:play-services-measurement:22.1.2] AndroidManifest.xml:26:5-110
31-->[com.google.android.gms:play-services-measurement:22.1.2] AndroidManifest.xml:26:22-107
32    <uses-permission android:name="com.google.android.gms.permission.AD_ID" />
32-->[com.google.android.gms:play-services-measurement-api:22.1.2] AndroidManifest.xml:25:5-79
32-->[com.google.android.gms:play-services-measurement-api:22.1.2] AndroidManifest.xml:25:22-76
33    <uses-permission android:name="android.permission.ACCESS_ADSERVICES_ATTRIBUTION" />
33-->[com.google.android.gms:play-services-measurement-api:22.1.2] AndroidManifest.xml:26:5-88
33-->[com.google.android.gms:play-services-measurement-api:22.1.2] AndroidManifest.xml:26:22-85
34    <uses-permission android:name="android.permission.ACCESS_ADSERVICES_AD_ID" />
34-->[com.google.android.gms:play-services-measurement-api:22.1.2] AndroidManifest.xml:27:5-82
34-->[com.google.android.gms:play-services-measurement-api:22.1.2] AndroidManifest.xml:27:22-79
35    <uses-permission android:name="com.google.android.providers.gsf.permission.READ_GSERVICES" />
35-->[com.google.android.recaptcha:recaptcha:18.5.1] AndroidManifest.xml:9:5-98
35-->[com.google.android.recaptcha:recaptcha:18.5.1] AndroidManifest.xml:9:22-95
36
37    <permission
37-->[androidx.core:core:1.13.0] AndroidManifest.xml:22:5-24:47
38        android:name="com.dailyserviceapp.DYNAMIC_RECEIVER_NOT_EXPORTED_PERMISSION"
38-->[androidx.core:core:1.13.0] AndroidManifest.xml:23:9-81
39        android:protectionLevel="signature" />
39-->[androidx.core:core:1.13.0] AndroidManifest.xml:24:9-44
40
41    <uses-permission android:name="com.dailyserviceapp.DYNAMIC_RECEIVER_NOT_EXPORTED_PERMISSION" />
41-->[androidx.core:core:1.13.0] AndroidManifest.xml:26:5-97
41-->[androidx.core:core:1.13.0] AndroidManifest.xml:26:22-94
42
43    <uses-feature
43-->[com.journeyapps:zxing-android-embedded:4.3.0] AndroidManifest.xml:28:5-30:36
44        android:name="android.hardware.camera.front"
44-->[com.journeyapps:zxing-android-embedded:4.3.0] AndroidManifest.xml:29:9-53
45        android:required="false" /> <!-- TODO replace above two with next line after Android 4.2 -->
45-->[com.journeyapps:zxing-android-embedded:4.3.0] AndroidManifest.xml:30:9-33
46    <!-- <uses-feature android:name="android.hardware.camera.any"/> -->
47    <uses-feature
47-->[com.journeyapps:zxing-android-embedded:4.3.0] AndroidManifest.xml:33:5-35:36
48        android:name="android.hardware.camera.autofocus"
48-->[com.journeyapps:zxing-android-embedded:4.3.0] AndroidManifest.xml:34:9-57
49        android:required="false" />
49-->[com.journeyapps:zxing-android-embedded:4.3.0] AndroidManifest.xml:35:9-33
50    <uses-feature
50-->[com.journeyapps:zxing-android-embedded:4.3.0] AndroidManifest.xml:36:5-38:36
51        android:name="android.hardware.camera.flash"
51-->[com.journeyapps:zxing-android-embedded:4.3.0] AndroidManifest.xml:37:9-53
52        android:required="false" />
52-->[com.journeyapps:zxing-android-embedded:4.3.0] AndroidManifest.xml:38:9-33
53    <uses-feature
53-->[com.journeyapps:zxing-android-embedded:4.3.0] AndroidManifest.xml:39:5-41:36
54        android:name="android.hardware.screen.landscape"
54-->[com.journeyapps:zxing-android-embedded:4.3.0] AndroidManifest.xml:40:9-57
55        android:required="false" />
55-->[com.journeyapps:zxing-android-embedded:4.3.0] AndroidManifest.xml:41:9-33
56    <uses-feature
56-->[com.journeyapps:zxing-android-embedded:4.3.0] AndroidManifest.xml:42:5-44:36
57        android:name="android.hardware.wifi"
57-->[com.journeyapps:zxing-android-embedded:4.3.0] AndroidManifest.xml:43:9-45
58        android:required="false" />
58-->[com.journeyapps:zxing-android-embedded:4.3.0] AndroidManifest.xml:44:9-33
59
60    <application
60-->src/main/AndroidManifest.xml:17:5-171:19
61        android:allowBackup="true"
61-->src/main/AndroidManifest.xml:18:9-35
62        android:appComponentFactory="androidx.core.app.CoreComponentFactory"
62-->[androidx.core:core:1.13.0] AndroidManifest.xml:28:18-86
63        android:extractNativeLibs="false"
64        android:hardwareAccelerated="true"
64-->src/main/AndroidManifest.xml:24:9-43
65        android:label="DailyDrop"
65-->src/main/AndroidManifest.xml:19:9-34
66        android:networkSecurityConfig="@xml/network_security_config"
66-->src/main/AndroidManifest.xml:23:9-69
67        android:supportsRtl="true"
67-->src/main/AndroidManifest.xml:20:9-35
68        android:theme="@style/Theme.DailyServiceApp"
68-->src/main/AndroidManifest.xml:21:9-53
69        android:usesCleartextTraffic="false" >
69-->src/main/AndroidManifest.xml:22:9-45
70
71        <!-- Splash Screen (Launcher) -->
72        <activity
72-->src/main/AndroidManifest.xml:27:9-35:20
73            android:name="com.dailyserviceapp.SplashActivity"
73-->src/main/AndroidManifest.xml:28:13-43
74            android:exported="true"
74-->src/main/AndroidManifest.xml:29:13-36
75            android:theme="@style/Theme.DailyServiceApp.NoActionBar" >
75-->src/main/AndroidManifest.xml:30:13-69
76            <intent-filter>
76-->src/main/AndroidManifest.xml:31:13-34:29
77                <action android:name="android.intent.action.MAIN" />
77-->src/main/AndroidManifest.xml:32:17-69
77-->src/main/AndroidManifest.xml:32:25-66
78
79                <category android:name="android.intent.category.LAUNCHER" />
79-->src/main/AndroidManifest.xml:33:17-77
79-->src/main/AndroidManifest.xml:33:27-74
80            </intent-filter>
81        </activity>
82
83        <!-- Login Activity -->
84        <activity
84-->src/main/AndroidManifest.xml:38:9-41:72
85            android:name="com.dailyserviceapp.auth.LoginActivity"
85-->src/main/AndroidManifest.xml:39:13-47
86            android:exported="false"
86-->src/main/AndroidManifest.xml:40:13-37
87            android:theme="@style/Theme.DailyServiceApp.NoActionBar" />
87-->src/main/AndroidManifest.xml:41:13-69
88
89        <!-- Auth Activities -->
90        <activity
90-->src/main/AndroidManifest.xml:44:9-47:72
91            android:name="com.dailyserviceapp.auth.SignupActivity"
91-->src/main/AndroidManifest.xml:45:13-48
92            android:exported="false"
92-->src/main/AndroidManifest.xml:46:13-37
93            android:theme="@style/Theme.DailyServiceApp.NoActionBar" />
93-->src/main/AndroidManifest.xml:47:13-69
94        <activity
94-->src/main/AndroidManifest.xml:49:9-51:40
95            android:name="com.dailyserviceapp.auth.ForgotPasswordActivity"
95-->src/main/AndroidManifest.xml:50:13-56
96            android:exported="false" />
96-->src/main/AndroidManifest.xml:51:13-37
97
98        <!-- Dashboard -->
99        <activity
99-->src/main/AndroidManifest.xml:54:9-56:40
100            android:name="com.dailyserviceapp.dashboard.DashboardActivity"
100-->src/main/AndroidManifest.xml:55:13-56
101            android:exported="false" />
101-->src/main/AndroidManifest.xml:56:13-37
102        <activity
102-->src/main/AndroidManifest.xml:58:9-61:72
103            android:name="com.dailyserviceapp.dashboard.ProviderDashboardActivity"
103-->src/main/AndroidManifest.xml:59:13-64
104            android:exported="false"
104-->src/main/AndroidManifest.xml:60:13-37
105            android:theme="@style/Theme.DailyServiceApp.NoActionBar" />
105-->src/main/AndroidManifest.xml:61:13-69
106        <activity
106-->src/main/AndroidManifest.xml:63:9-66:72
107            android:name="com.dailyserviceapp.customer.CustomerHomeActivity"
107-->src/main/AndroidManifest.xml:64:13-58
108            android:exported="false"
108-->src/main/AndroidManifest.xml:65:13-37
109            android:theme="@style/Theme.DailyServiceApp.NoActionBar" />
109-->src/main/AndroidManifest.xml:66:13-69
110        <activity
110-->src/main/AndroidManifest.xml:68:9-71:72
111            android:name="com.dailyserviceapp.customer.CustomerServiceDashboardActivity"
111-->src/main/AndroidManifest.xml:69:13-70
112            android:exported="false"
112-->src/main/AndroidManifest.xml:70:13-37
113            android:theme="@style/Theme.DailyServiceApp.NoActionBar" />
113-->src/main/AndroidManifest.xml:71:13-69
114        <activity
114-->src/main/AndroidManifest.xml:73:9-76:72
115            android:name="com.dailyserviceapp.customer.ComplaintSupportActivity"
115-->src/main/AndroidManifest.xml:74:13-62
116            android:exported="false"
116-->src/main/AndroidManifest.xml:75:13-37
117            android:theme="@style/Theme.DailyServiceApp.NoActionBar" />
117-->src/main/AndroidManifest.xml:76:13-69
118        <activity
118-->src/main/AndroidManifest.xml:78:9-81:72
119            android:name="com.dailyserviceapp.provider.JoinRequestsActivity"
119-->src/main/AndroidManifest.xml:79:13-58
120            android:exported="false"
120-->src/main/AndroidManifest.xml:80:13-37
121            android:theme="@style/Theme.DailyServiceApp.NoActionBar" />
121-->src/main/AndroidManifest.xml:81:13-69
122        <activity
122-->src/main/AndroidManifest.xml:83:9-86:72
123            android:name="com.dailyserviceapp.provider.ProviderComplaintsActivity"
123-->src/main/AndroidManifest.xml:84:13-64
124            android:exported="false"
124-->src/main/AndroidManifest.xml:85:13-37
125            android:theme="@style/Theme.DailyServiceApp.NoActionBar" />
125-->src/main/AndroidManifest.xml:86:13-69
126
127        <!-- Customer Management -->
128        <activity
128-->src/main/AndroidManifest.xml:89:9-92:72
129            android:name="com.dailyserviceapp.ui.CustomerEditActivity"
129-->src/main/AndroidManifest.xml:90:13-52
130            android:exported="false"
130-->src/main/AndroidManifest.xml:91:13-37
131            android:theme="@style/Theme.DailyServiceApp.NoActionBar" />
131-->src/main/AndroidManifest.xml:92:13-69
132        <activity
132-->src/main/AndroidManifest.xml:94:9-97:72
133            android:name="com.dailyserviceapp.ui.CustomerDetailActivity"
133-->src/main/AndroidManifest.xml:95:13-54
134            android:exported="false"
134-->src/main/AndroidManifest.xml:96:13-37
135            android:theme="@style/Theme.DailyServiceApp.NoActionBar" />
135-->src/main/AndroidManifest.xml:97:13-69
136
137        <!-- Service Entry -->
138        <activity
138-->src/main/AndroidManifest.xml:100:9-103:72
139            android:name="com.dailyserviceapp.service.ServiceEntryActivity"
139-->src/main/AndroidManifest.xml:101:13-57
140            android:exported="false"
140-->src/main/AndroidManifest.xml:102:13-37
141            android:theme="@style/Theme.DailyServiceApp.NoActionBar" />
141-->src/main/AndroidManifest.xml:103:13-69
142
143        <!-- Billing -->
144        <activity
144-->src/main/AndroidManifest.xml:106:9-109:72
145            android:name="com.dailyserviceapp.billing.BillListActivity"
145-->src/main/AndroidManifest.xml:107:13-53
146            android:exported="false"
146-->src/main/AndroidManifest.xml:108:13-37
147            android:theme="@style/Theme.DailyServiceApp.NoActionBar" />
147-->src/main/AndroidManifest.xml:109:13-69
148        <activity
148-->src/main/AndroidManifest.xml:111:9-114:72
149            android:name="com.dailyserviceapp.billing.BillDetailActivity"
149-->src/main/AndroidManifest.xml:112:13-55
150            android:exported="false"
150-->src/main/AndroidManifest.xml:113:13-37
151            android:theme="@style/Theme.DailyServiceApp.NoActionBar" />
151-->src/main/AndroidManifest.xml:114:13-69
152
153        <!-- Payment -->
154        <activity
154-->src/main/AndroidManifest.xml:117:9-120:72
155            android:name="com.dailyserviceapp.payment.PaymentActivity"
155-->src/main/AndroidManifest.xml:118:13-52
156            android:exported="false"
156-->src/main/AndroidManifest.xml:119:13-37
157            android:theme="@style/Theme.DailyServiceApp.NoActionBar" />
157-->src/main/AndroidManifest.xml:120:13-69
158
159        <!-- Reports -->
160        <activity
160-->src/main/AndroidManifest.xml:123:9-126:72
161            android:name="com.dailyserviceapp.reports.ReportsActivity"
161-->src/main/AndroidManifest.xml:124:13-52
162            android:exported="false"
162-->src/main/AndroidManifest.xml:125:13-37
163            android:theme="@style/Theme.DailyServiceApp.NoActionBar" />
163-->src/main/AndroidManifest.xml:126:13-69
164
165        <!-- Profile -->
166        <activity
166-->src/main/AndroidManifest.xml:129:9-132:72
167            android:name="com.dailyserviceapp.profile.ProfileActivity"
167-->src/main/AndroidManifest.xml:130:13-52
168            android:exported="false"
168-->src/main/AndroidManifest.xml:131:13-37
169            android:theme="@style/Theme.DailyServiceApp.NoActionBar" />
169-->src/main/AndroidManifest.xml:132:13-69
170
171        <!-- QR Code -->
172        <activity
172-->src/main/AndroidManifest.xml:135:9-138:72
173            android:name="com.dailyserviceapp.qr.QRCodeActivity"
173-->src/main/AndroidManifest.xml:136:13-46
174            android:exported="false"
174-->src/main/AndroidManifest.xml:137:13-37
175            android:theme="@style/Theme.DailyServiceApp.NoActionBar" />
175-->src/main/AndroidManifest.xml:138:13-69
176
177        <!-- Notifications -->
178        <activity
178-->src/main/AndroidManifest.xml:141:9-143:40
179            android:name="com.dailyserviceapp.notifications.NotificationListActivity"
179-->src/main/AndroidManifest.xml:142:13-67
180            android:exported="false" />
180-->src/main/AndroidManifest.xml:143:13-37
181
182        <!-- Analytics / ML -->
183        <activity
183-->src/main/AndroidManifest.xml:146:9-149:72
184            android:name="com.dailyserviceapp.sales.ui.SalesPredictionActivity"
184-->src/main/AndroidManifest.xml:147:13-61
185            android:exported="false"
185-->src/main/AndroidManifest.xml:148:13-37
186            android:theme="@style/Theme.DailyServiceApp.NoActionBar" />
186-->src/main/AndroidManifest.xml:149:13-69
187
188        <!-- Firebase Cloud Messaging Service -->
189        <service
189-->src/main/AndroidManifest.xml:152:9-158:19
190            android:name="com.dailyserviceapp.notifications.FCMService"
190-->src/main/AndroidManifest.xml:153:13-53
191            android:exported="false" >
191-->src/main/AndroidManifest.xml:154:13-37
192            <intent-filter>
192-->src/main/AndroidManifest.xml:155:13-157:29
193                <action android:name="com.google.firebase.MESSAGING_EVENT" />
193-->src/main/AndroidManifest.xml:156:17-78
193-->src/main/AndroidManifest.xml:156:25-75
194            </intent-filter>
195        </service>
196
197        <!-- FileProvider for sharing PDFs -->
198        <provider
199            android:name="androidx.core.content.FileProvider"
199-->src/main/AndroidManifest.xml:162:13-62
200            android:authorities="com.dailyserviceapp.fileprovider"
200-->src/main/AndroidManifest.xml:163:13-64
201            android:exported="false"
201-->src/main/AndroidManifest.xml:164:13-37
202            android:grantUriPermissions="true" >
202-->src/main/AndroidManifest.xml:165:13-47
203            <meta-data
203-->src/main/AndroidManifest.xml:166:13-168:54
204                android:name="android.support.FILE_PROVIDER_PATHS"
204-->src/main/AndroidManifest.xml:167:17-67
205                android:resource="@xml/file_paths" />
205-->src/main/AndroidManifest.xml:168:17-51
206        </provider>
207        <provider
207-->[androidx.work:work-runtime:2.9.1] AndroidManifest.xml:29:9-37:20
208            android:name="androidx.startup.InitializationProvider"
208-->[androidx.work:work-runtime:2.9.1] AndroidManifest.xml:30:13-67
209            android:authorities="com.dailyserviceapp.androidx-startup"
209-->[androidx.work:work-runtime:2.9.1] AndroidManifest.xml:31:13-68
210            android:exported="false" >
210-->[androidx.work:work-runtime:2.9.1] AndroidManifest.xml:32:13-37
211            <meta-data
211-->[androidx.work:work-runtime:2.9.1] AndroidManifest.xml:34:13-36:52
212                android:name="androidx.work.WorkManagerInitializer"
212-->[androidx.work:work-runtime:2.9.1] AndroidManifest.xml:35:17-68
213                android:value="androidx.startup" />
213-->[androidx.work:work-runtime:2.9.1] AndroidManifest.xml:36:17-49
214            <meta-data
214-->[androidx.emoji2:emoji2:1.3.0] AndroidManifest.xml:29:13-31:52
215                android:name="androidx.emoji2.text.EmojiCompatInitializer"
215-->[androidx.emoji2:emoji2:1.3.0] AndroidManifest.xml:30:17-75
216                android:value="androidx.startup" />
216-->[androidx.emoji2:emoji2:1.3.0] AndroidManifest.xml:31:17-49
217            <meta-data
217-->[androidx.lifecycle:lifecycle-process:2.8.7] AndroidManifest.xml:29:13-31:52
218                android:name="androidx.lifecycle.ProcessLifecycleInitializer"
218-->[androidx.lifecycle:lifecycle-process:2.8.7] AndroidManifest.xml:30:17-78
219                android:value="androidx.startup" />
219-->[androidx.lifecycle:lifecycle-process:2.8.7] AndroidManifest.xml:31:17-49
220            <meta-data
220-->[androidx.profileinstaller:profileinstaller:1.4.0] AndroidManifest.xml:29:13-31:52
221                android:name="androidx.profileinstaller.ProfileInstallerInitializer"
221-->[androidx.profileinstaller:profileinstaller:1.4.0] AndroidManifest.xml:30:17-85
222                android:value="androidx.startup" />
222-->[androidx.profileinstaller:profileinstaller:1.4.0] AndroidManifest.xml:31:17-49
223        </provider>
224
225        <service
225-->[androidx.work:work-runtime:2.9.1] AndroidManifest.xml:39:9-45:35
226            android:name="androidx.work.impl.background.systemalarm.SystemAlarmService"
226-->[androidx.work:work-runtime:2.9.1] AndroidManifest.xml:40:13-88
227            android:directBootAware="false"
227-->[androidx.work:work-runtime:2.9.1] AndroidManifest.xml:41:13-44
228            android:enabled="@bool/enable_system_alarm_service_default"
228-->[androidx.work:work-runtime:2.9.1] AndroidManifest.xml:42:13-72
229            android:exported="false" />
229-->[androidx.work:work-runtime:2.9.1] AndroidManifest.xml:43:13-37
230        <service
230-->[androidx.work:work-runtime:2.9.1] AndroidManifest.xml:46:9-52:35
231            android:name="androidx.work.impl.background.systemjob.SystemJobService"
231-->[androidx.work:work-runtime:2.9.1] AndroidManifest.xml:47:13-84
232            android:directBootAware="false"
232-->[androidx.work:work-runtime:2.9.1] AndroidManifest.xml:48:13-44
233            android:enabled="@bool/enable_system_job_service_default"
233-->[androidx.work:work-runtime:2.9.1] AndroidManifest.xml:49:13-70
234            android:exported="true"
234-->[androidx.work:work-runtime:2.9.1] AndroidManifest.xml:50:13-36
235            android:permission="android.permission.BIND_JOB_SERVICE" />
235-->[androidx.work:work-runtime:2.9.1] AndroidManifest.xml:51:13-69
236        <service
236-->[androidx.work:work-runtime:2.9.1] AndroidManifest.xml:53:9-59:35
237            android:name="androidx.work.impl.foreground.SystemForegroundService"
237-->[androidx.work:work-runtime:2.9.1] AndroidManifest.xml:54:13-81
238            android:directBootAware="false"
238-->[androidx.work:work-runtime:2.9.1] AndroidManifest.xml:55:13-44
239            android:enabled="@bool/enable_system_foreground_service_default"
239-->[androidx.work:work-runtime:2.9.1] AndroidManifest.xml:56:13-77
240            android:exported="false" />
240-->[androidx.work:work-runtime:2.9.1] AndroidManifest.xml:57:13-37
241
242        <receiver
242-->[androidx.work:work-runtime:2.9.1] AndroidManifest.xml:61:9-66:35
243            android:name="androidx.work.impl.utils.ForceStopRunnable$BroadcastReceiver"
243-->[androidx.work:work-runtime:2.9.1] AndroidManifest.xml:62:13-88
244            android:directBootAware="false"
244-->[androidx.work:work-runtime:2.9.1] AndroidManifest.xml:63:13-44
245            android:enabled="true"
245-->[androidx.work:work-runtime:2.9.1] AndroidManifest.xml:64:13-35
246            android:exported="false" />
246-->[androidx.work:work-runtime:2.9.1] AndroidManifest.xml:65:13-37
247        <receiver
247-->[androidx.work:work-runtime:2.9.1] AndroidManifest.xml:67:9-77:20
248            android:name="androidx.work.impl.background.systemalarm.ConstraintProxy$BatteryChargingProxy"
248-->[androidx.work:work-runtime:2.9.1] AndroidManifest.xml:68:13-106
249            android:directBootAware="false"
249-->[androidx.work:work-runtime:2.9.1] AndroidManifest.xml:69:13-44
250            android:enabled="false"
250-->[androidx.work:work-runtime:2.9.1] AndroidManifest.xml:70:13-36
251            android:exported="false" >
251-->[androidx.work:work-runtime:2.9.1] AndroidManifest.xml:71:13-37
252            <intent-filter>
252-->[androidx.work:work-runtime:2.9.1] AndroidManifest.xml:73:13-76:29
253                <action android:name="android.intent.action.ACTION_POWER_CONNECTED" />
253-->[androidx.work:work-runtime:2.9.1] AndroidManifest.xml:74:17-87
253-->[androidx.work:work-runtime:2.9.1] AndroidManifest.xml:74:25-84
254                <action android:name="android.intent.action.ACTION_POWER_DISCONNECTED" />
254-->[androidx.work:work-runtime:2.9.1] AndroidManifest.xml:75:17-90
254-->[androidx.work:work-runtime:2.9.1] AndroidManifest.xml:75:25-87
255            </intent-filter>
256        </receiver>
257        <receiver
257-->[androidx.work:work-runtime:2.9.1] AndroidManifest.xml:78:9-88:20
258            android:name="androidx.work.impl.background.systemalarm.ConstraintProxy$BatteryNotLowProxy"
258-->[androidx.work:work-runtime:2.9.1] AndroidManifest.xml:79:13-104
259            android:directBootAware="false"
259-->[androidx.work:work-runtime:2.9.1] AndroidManifest.xml:80:13-44
260            android:enabled="false"
260-->[androidx.work:work-runtime:2.9.1] AndroidManifest.xml:81:13-36
261            android:exported="false" >
261-->[androidx.work:work-runtime:2.9.1] AndroidManifest.xml:82:13-37
262            <intent-filter>
262-->[androidx.work:work-runtime:2.9.1] AndroidManifest.xml:84:13-87:29
263                <action android:name="android.intent.action.BATTERY_OKAY" />
263-->[androidx.work:work-runtime:2.9.1] AndroidManifest.xml:85:17-77
263-->[androidx.work:work-runtime:2.9.1] AndroidManifest.xml:85:25-74
264                <action android:name="android.intent.action.BATTERY_LOW" />
264-->[androidx.work:work-runtime:2.9.1] AndroidManifest.xml:86:17-76
264-->[androidx.work:work-runtime:2.9.1] AndroidManifest.xml:86:25-73
265            </intent-filter>
266        </receiver>
267        <receiver
267-->[androidx.work:work-runtime:2.9.1] AndroidManifest.xml:89:9-99:20
268            android:name="androidx.work.impl.background.systemalarm.ConstraintProxy$StorageNotLowProxy"
268-->[androidx.work:work-runtime:2.9.1] AndroidManifest.xml:90:13-104
269            android:directBootAware="false"
269-->[androidx.work:work-runtime:2.9.1] AndroidManifest.xml:91:13-44
270            android:enabled="false"
270-->[androidx.work:work-runtime:2.9.1] AndroidManifest.xml:92:13-36
271            android:exported="false" >
271-->[androidx.work:work-runtime:2.9.1] AndroidManifest.xml:93:13-37
272            <intent-filter>
272-->[androidx.work:work-runtime:2.9.1] AndroidManifest.xml:95:13-98:29
273                <action android:name="android.intent.action.DEVICE_STORAGE_LOW" />
273-->[androidx.work:work-runtime:2.9.1] AndroidManifest.xml:96:17-83
273-->[androidx.work:work-runtime:2.9.1] AndroidManifest.xml:96:25-80
274                <action android:name="android.intent.action.DEVICE_STORAGE_OK" />
274-->[androidx.work:work-runtime:2.9.1] AndroidManifest.xml:97:17-82
274-->[androidx.work:work-runtime:2.9.1] AndroidManifest.xml:97:25-79
275            </intent-filter>
276        </receiver>
277        <receiver
277-->[androidx.work:work-runtime:2.9.1] AndroidManifest.xml:100:9-109:20
278            android:name="androidx.work.impl.background.systemalarm.ConstraintProxy$NetworkStateProxy"
278-->[androidx.work:work-runtime:2.9.1] AndroidManifest.xml:101:13-103
279            android:directBootAware="false"
279-->[androidx.work:work-runtime:2.9.1] AndroidManifest.xml:102:13-44
280            android:enabled="false"
280-->[androidx.work:work-runtime:2.9.1] AndroidManifest.xml:103:13-36
281            android:exported="false" >
281-->[androidx.work:work-runtime:2.9.1] AndroidManifest.xml:104:13-37
282            <intent-filter>
282-->[androidx.work:work-runtime:2.9.1] AndroidManifest.xml:106:13-108:29
283                <action android:name="android.net.conn.CONNECTIVITY_CHANGE" />
283-->[androidx.work:work-runtime:2.9.1] AndroidManifest.xml:107:17-79
283-->[androidx.work:work-runtime:2.9.1] AndroidManifest.xml:107:25-76
284            </intent-filter>
285        </receiver>
286        <receiver
286-->[androidx.work:work-runtime:2.9.1] AndroidManifest.xml:110:9-121:20
287            android:name="androidx.work.impl.background.systemalarm.RescheduleReceiver"
287-->[androidx.work:work-runtime:2.9.1] AndroidManifest.xml:111:13-88
288            android:directBootAware="false"
288-->[androidx.work:work-runtime:2.9.1] AndroidManifest.xml:112:13-44
289            android:enabled="false"
289-->[androidx.work:work-runtime:2.9.1] AndroidManifest.xml:113:13-36
290            android:exported="false" >
290-->[androidx.work:work-runtime:2.9.1] AndroidManifest.xml:114:13-37
291            <intent-filter>
291-->[androidx.work:work-runtime:2.9.1] AndroidManifest.xml:116:13-120:29
292                <action android:name="android.intent.action.BOOT_COMPLETED" />
292-->[androidx.work:work-runtime:2.9.1] AndroidManifest.xml:117:17-79
292-->[androidx.work:work-runtime:2.9.1] AndroidManifest.xml:117:25-76
293                <action android:name="android.intent.action.TIME_SET" />
293-->[androidx.work:work-runtime:2.9.1] AndroidManifest.xml:118:17-73
293-->[androidx.work:work-runtime:2.9.1] AndroidManifest.xml:118:25-70
294                <action android:name="android.intent.action.TIMEZONE_CHANGED" />
294-->[androidx.work:work-runtime:2.9.1] AndroidManifest.xml:119:17-81
294-->[androidx.work:work-runtime:2.9.1] AndroidManifest.xml:119:25-78
295            </intent-filter>
296        </receiver>
297        <receiver
297-->[androidx.work:work-runtime:2.9.1] AndroidManifest.xml:122:9-131:20
298            android:name="androidx.work.impl.background.systemalarm.ConstraintProxyUpdateReceiver"
298-->[androidx.work:work-runtime:2.9.1] AndroidManifest.xml:123:13-99
299            android:directBootAware="false"
299-->[androidx.work:work-runtime:2.9.1] AndroidManifest.xml:124:13-44
300            android:enabled="@bool/enable_system_alarm_service_default"
300-->[androidx.work:work-runtime:2.9.1] AndroidManifest.xml:125:13-72
301            android:exported="false" >
301-->[androidx.work:work-runtime:2.9.1] AndroidManifest.xml:126:13-37
302            <intent-filter>
302-->[androidx.work:work-runtime:2.9.1] AndroidManifest.xml:128:13-130:29
303                <action android:name="androidx.work.impl.background.systemalarm.UpdateProxies" />
303-->[androidx.work:work-runtime:2.9.1] AndroidManifest.xml:129:17-98
303-->[androidx.work:work-runtime:2.9.1] AndroidManifest.xml:129:25-95
304            </intent-filter>
305        </receiver>
306        <receiver